>> Local Products Rules ..... started
>> Local Products Rules ..... done
>> Entering Package AnalysisSpace/TreeMaker
>> Creating project symlinks
  src/AnalysisSpace/TreeMaker/python -> python/AnalysisSpace/TreeMaker
>> Compiling edm plugin /afs/cern.ch/work/s/sroychow/public/HZZ4l/forData/Run2015D/CMSSW_7_4_14/src/AnalysisSpace/TreeMaker/plugins/METBlock.cc 
>> Compiling edm plugin /afs/cern.ch/work/s/sroychow/public/HZZ4l/forData/Run2015D/CMSSW_7_4_14/src/AnalysisSpace/TreeMaker/plugins/MuonBlock.cc 
>> Compiling edm plugin /afs/cern.ch/work/s/sroychow/public/HZZ4l/forData/Run2015D/CMSSW_7_4_14/src/AnalysisSpace/TreeMaker/plugins/PackedPFCandidateBlock.cc 
>> Compiling edm plugin /afs/cern.ch/work/s/sroychow/public/HZZ4l/forData/Run2015D/CMSSW_7_4_14/src/AnalysisSpace/TreeMaker/plugins/PhotonBlock.cc 
>> Compiling edm plugin /afs/cern.ch/work/s/sroychow/public/HZZ4l/forData/Run2015D/CMSSW_7_4_14/src/AnalysisSpace/TreeMaker/plugins/TauBlock.cc 
>> Compiling edm plugin /afs/cern.ch/work/s/sroychow/public/HZZ4l/forData/Run2015D/CMSSW_7_4_14/src/AnalysisSpace/TreeMaker/plugins/TreeMakerModule.cc 
>> Compiling edm plugin /afs/cern.ch/work/s/sroychow/public/HZZ4l/forData/Run2015D/CMSSW_7_4_14/src/AnalysisSpace/TreeMaker/plugins/TriggerBlock.cc 
>> Compiling edm plugin /afs/cern.ch/work/s/sroychow/public/HZZ4l/forData/Run2015D/CMSSW_7_4_14/src/AnalysisSpace/TreeMaker/plugins/TriggerObjectBlock.cc 
>> Compiling edm plugin /afs/cern.ch/work/s/sroychow/public/HZZ4l/forData/Run2015D/CMSSW_7_4_14/src/AnalysisSpace/TreeMaker/plugins/VertexBlock.cc 
Entering library rule at AnalysisSpace/TreeMaker
>> Building LCG reflex dict from header file src/AnalysisSpace/TreeMaker/src/classes.h
Selected class -> std::vector<vhtm::Candidate, std::allocator<vhtm::Candidate> > for ROOT: vector<vhtm::Candidate>
Selected class -> std::vector<vhtm::Electron, std::allocator<vhtm::Electron> > for ROOT: vector<vhtm::Electron>
Selected class -> std::vector<vhtm::GenParticle, std::allocator<vhtm::GenParticle> > for ROOT: vector<vhtm::GenParticle>
Selected class -> std::vector<vhtm::GenJet, std::allocator<vhtm::GenJet> > for ROOT: vector<vhtm::GenJet>
Selected class -> std::vector<vhtm::GenMET, std::allocator<vhtm::GenMET> > for ROOT: vector<vhtm::GenMET>
Selected class -> std::vector<vhtm::Tau, std::allocator<vhtm::Tau> > for ROOT: vector<vhtm::Tau>
Selected class -> std::vector<vhtm::Muon, std::allocator<vhtm::Muon> > for ROOT: vector<vhtm::Muon>
Selected class -> std::vector<vhtm::Jet, std::allocator<vhtm::Jet> > for ROOT: vector<vhtm::Jet>
Selected class -> std::vector<vhtm::Vertex, std::allocator<vhtm::Vertex> > for ROOT: vector<vhtm::Vertex>
Selected class -> std::vector<vhtm::TriggerObject, std::allocator<vhtm::TriggerObject> > for ROOT: vector<vhtm::TriggerObject>
Selected class -> std::vector<vhtm::MET, std::allocator<vhtm::MET> > for ROOT: vector<vhtm::MET>
Selected class -> std::vector<vhtm::Event, std::allocator<vhtm::Event> > for ROOT: vector<vhtm::Event>
Selected class -> std::vector<vhtm::GenEvent, std::allocator<vhtm::GenEvent> > for ROOT: vector<vhtm::GenEvent>
Selected class -> std::vector<vhtm::Photon, std::allocator<vhtm::Photon> > for ROOT: vector<vhtm::Photon>
Selected class -> std::vector<vhtm::PackedPFCandidate, std::allocator<vhtm::PackedPFCandidate> > for ROOT: vector<vhtm::PackedPFCandidate>
Selected class -> std::map<std::basic_string<char>, std::vector<double, std::allocator<double> >, std::less<std::basic_string<char> >, std::allocator<std::pair<const std::basic_string<char>, std::vector<double, std::allocator<double> > > > > for ROOT: map<string,vector<double> >
Selected class -> std::map<double, std::vector<double, std::allocator<double> >, std::less<double>, std::allocator<std::pair<const double, std::vector<double, std::allocator<double> > > > > for ROOT: map<double,vector<double> >
Selected class -> vhtm::Candidate for ROOT: vhtm::Candidate
Selected class -> vhtm::PackedPFCandidate for ROOT: vhtm::PackedPFCandidate
Selected class -> vhtm::Event for ROOT: vhtm::Event
Selected class -> vhtm::GenEvent for ROOT: vhtm::GenEvent
Selected class -> vhtm::Electron for ROOT: vhtm::Electron
Selected class -> vhtm::GenParticle for ROOT: vhtm::GenParticle
Selected class -> vhtm::GenJet for ROOT: vhtm::GenJet
Selected class -> vhtm::MET for ROOT: vhtm::MET
Selected class -> vhtm::Tau for ROOT: vhtm::Tau
Selected class -> vhtm::Muon for ROOT: vhtm::Muon
Selected class -> vhtm::Jet for ROOT: vhtm::Jet
Selected class -> vhtm::Vertex for ROOT: vhtm::Vertex
Selected class -> vhtm::GenMET for ROOT: vhtm::GenMET
Selected class -> vhtm::TriggerObject for ROOT: vhtm::TriggerObject
Selected class -> vhtm::Photon for ROOT: vhtm::Photon
>> Compiling LCG dictionary: tmp/slc6_amd64_gcc491/src/AnalysisSpace/TreeMaker/src/AnalysisSpaceTreeMaker/a/AnalysisSpaceTreeMaker_xr.cc
>> Compiling  /afs/cern.ch/work/s/sroychow/public/HZZ4l/forData/Run2015D/CMSSW_7_4_14/src/AnalysisSpace/TreeMaker/src/PhysicsObjects.cc 
>> Compiling  /afs/cern.ch/work/s/sroychow/public/HZZ4l/forData/Run2015D/CMSSW_7_4_14/src/AnalysisSpace/TreeMaker/src/Utility.cc 
>> Compiling capabilities tmp/slc6_amd64_gcc491/src/AnalysisSpace/TreeMaker/src/AnalysisSpaceTreeMaker/a/seal_cap.cc 
>> Building shared library tmp/slc6_amd64_gcc491/src/AnalysisSpace/TreeMaker/src/AnalysisSpaceTreeMaker/libAnalysisSpaceTreeMaker.so
Copying tmp/slc6_amd64_gcc491/src/AnalysisSpace/TreeMaker/src/AnalysisSpaceTreeMaker/libAnalysisSpaceTreeMaker.so to productstore area:
Leaving library rule at AnalysisSpace/TreeMaker
>> Building edm plugin tmp/slc6_amd64_gcc491/src/AnalysisSpace/TreeMaker/plugins/TreeMakerPlugins/libTreeMakerPlugins.so
Leaving library rule at src/AnalysisSpace/TreeMaker/plugins
@@@@ Running edmWriteConfigs for TreeMakerPlugins
--- Registered EDM Plugin: TreeMakerPlugins
>> Building capability library tmp/slc6_amd64_gcc491/src/AnalysisSpace/TreeMaker/src/AnalysisSpaceTreeMaker/libAnalysisSpaceTreeMakerCapabilities.so
>> Checking EDM Class Version for src/AnalysisSpace/TreeMaker/src/classes_def.xml in libAnalysisSpaceTreeMakerCapabilities.so
Error in <TCling::RegisterModule>: cannot find dictionary module AnalysisSpaceTreeMaker_xr_rdict.pcm
[?1034herror: class 'vhtm::Electron' has a different checksum for ClassVersion 1. Increment ClassVersion to 2 and assign it to checksum 1281544504
Suggestion: You can run 'scram build updateclassversion' to generate src/AnalysisSpace/TreeMaker/src/classes_def.xml.generated with updated ClassVersion
gmake: *** [tmp/slc6_amd64_gcc491/src/AnalysisSpace/TreeMaker/src/AnalysisSpaceTreeMaker/libAnalysisSpaceTreeMakerCapabilities.so] Error 1
gmake: *** [There are compilation/build errors. Please see the detail log above.] Error 2
